I, [2017-05-05T21:43:48.102427 #68193]  INFO -- : Registered expected interaction GET /api/v1/entities/menu/all
D, [2017-05-05T21:43:48.102792 #68193] DEBUG -- : {
  "description": "a request for menu data",
  "provider_state": "Has menu data",
  "request": {
    "method": "GET",
    "path": "/api/v1/entities/menu/all"
  },
  "response": {
    "status": 200,
    "headers": {
      "Content-Type": "application/json; charset=utf-8"
    },
    "body": [
      {
        "name": "primaryNav",
        "description": "Primary Nav",
        "items": [
          {
            "name": "Auctions",
            "path": "auctions"
          },
          {
            "name": "Artists",
            "path": "artits"
          }
        ]
      }
    ]
  }
}
I, [2017-05-05T21:43:48.113729 #68193]  INFO -- : Received request GET /api/v1/entities/menu/all
D, [2017-05-05T21:43:48.113839 #68193] DEBUG -- : {
  "path": "/api/v1/entities/menu/all",
  "query": "",
  "method": "get",
  "headers": {
    "Accept": "application/json",
    "Accept-Encoding": "gzip,deflate",
    "User-Agent": "node-fetch/1.0 (+https://github.com/bitinn/node-fetch)",
    "Connection": "close",
    "Host": "localhost:9000",
    "Version": "HTTP/1.1"
  }
}
I, [2017-05-05T21:43:48.114005 #68193]  INFO -- : Found matching response for GET /api/v1/entities/menu/all
D, [2017-05-05T21:43:48.114094 #68193] DEBUG -- : {
  "status": 200,
  "headers": {
    "Content-Type": "application/json; charset=utf-8"
  },
  "body": [
    {
      "name": "primaryNav",
      "description": "Primary Nav",
      "items": [
        {
          "name": "Auctions",
          "path": "auctions"
        },
        {
          "name": "Artists",
          "path": "artits"
        }
      ]
    }
  ]
}
I, [2017-05-05T21:43:48.123845 #68193]  INFO -- : Verifying - interactions matched for example ""
I, [2017-05-05T21:43:48.125803 #68193]  INFO -- : Writing pact with details {:consumer=>{:name=>"CMS-admin client"}, :provider=>{:name=>"CMS-admin provider"}}
I, [2017-05-05T21:43:48.125887 #68193]  INFO -- : Writing pact for CMS-admin provider to /www/artnet/pact-demo/pacts/cms-admin_client-cms-admin_provider.json
I, [2017-05-05T21:43:48.128942 #68193]  INFO -- : Cleared interactions before example ""
